<?xml version='1.0' encoding='UTF-8'?>
<testsuite hostname="Peters-MacBook-Pro.local" name="HelloWorldTest" tests="1" errors="0" failures="0" skipped="0" time="0.023" timestamp="2020-12-01T13:19:57">
                     <properties>
      <property name="awt.toolkit" value="sun.lwawt.macosx.LWCToolkit"/><property name="java.specification.version" value="11"/><property name="sun.cpu.isalist" value=""/><property name="sun.jnu.encoding" value="UTF-8"/><property name="sun.arch.data.model" value="64"/><property name="java.vendor.url" value="https://adoptopenjdk.net/"/><property name="sun.boot.library.path" value="/Library/Java/JavaVirtualMachines/adoptopenjdk-11.jdk/Contents/Home/lib"/><property name="sun.java.command" value="/Users/petergy/.sdkman/candidates/sbt/1.4.4/bin/sbt-launch.jar test"/><property name="jdk.debug" value="release"/><property name="java.specification.vendor" value="Oracle Corporation"/><property name="java.version.date" value="2020-11-04"/><property name="java.home" value="/Library/Java/JavaVirtualMachines/adoptopenjdk-11.jdk/Contents/Home"/><property name="file.separator" value="/"/><property name="java.vm.compressedOopsMode" value="Zero based"/><property name="line.separator" value="
"/><property name="java.specification.name" value="Java Platform API Specification"/><property name="java.vm.specification.vendor" value="Oracle Corporation"/><property name="sun.management.compiler" value="HotSpot 64-Bit Tiered Compilers"/><property name="java.runtime.version" value="11.0.9.1+1"/><property name="user.name" value="petergy"/><property name="log4j.ignoreTCL" value="true"/><property name="file.encoding" value="UTF-8"/><property name="jnidispatch.path" value="/Users/petergy/Library/Caches/JNA/temp/jna4914729071184028297.tmp"/><property name="java.vendor.version" value="AdoptOpenJDK"/><property name="jna.loaded" value="true"/><property name="java.io.tmpdir" value="/var/folders/v7/1qp766bn24jclg3k473wylr00000gn/T/"/><property name="java.version" value="11.0.9.1"/><property name="java.vm.specification.name" value="Java Virtual Machine Specification"/><property name="java.awt.printerjob" value="sun.lwawt.macosx.CPrinterJob"/><property name="sun.os.patch.level" value="unknown"/><property name="java.library.path" value="/Users/petergy/Library/Java/Extensions:/Library/Java/Extensions:/Network/Library/Java/Extensions:/System/Library/Java/Extensions:/usr/lib/java:."/><property name="java.vendor" value="AdoptOpenJDK"/><property name="scala.ext.dirs" value="/Users/petergy/.sbt/0.13/java9-rt-ext-adoptopenjdk_11_0_9_1"/><property name="sun.io.unicode.encoding" value="UnicodeBig"/><property name="gopherProxySet" value="false"/><property name="java.class.path" value="/Users/petergy/.sdkman/candidates/sbt/1.4.4/bin/sbt-launch.jar"/><property name="java.vm.vendor" value="AdoptOpenJDK"/><property name="jline.shutdownhook" value="false"/><property name="user.timezone" value="Europe/Vienna"/><property name="os.name" value="Mac OS X"/><property name="java.vm.specification.version" value="11"/><property name="sun.java.launcher" value="SUN_STANDARD"/><property name="user.country" value="GB"/><property name="sun.cpu.endian" value="little"/><property name="user.home" value="/Users/petergy"/><property name="user.language" value="en"/><property name="swoval.tmpdir" value="/Users/petergy/.sbt/1.0"/><property name="java.awt.graphicsenv" value="sun.awt.CGraphicsEnvironment"/><property name="jline.esc.timeout" value="0"/><property name="path.separator" value=":"/><property name="os.version" value="10.16"/><property name="jna.nosys" value="true"/><property name="java.runtime.name" value="OpenJDK Runtime Environment"/><property name="java.vm.name" value="OpenJDK 64-Bit Server VM"/><property name="jna.platform.library.path" value="/usr/lib:/usr/lib"/><property name="java.vendor.url.bug" value="https://github.com/AdoptOpenJDK/openjdk-support/issues"/><property name="user.dir" value="/Users/petergy/Exercism/scala/hello-world"/><property name="os.arch" value="x86_64"/><property name="java.vm.info" value="mixed mode"/><property name="java.vm.version" value="11.0.9.1+1"/><property name="java.class.version" value="55.0"/>
    </properties>
                     <testcase classname="HelloWorldTest" name="Say Hi!" time="0.023">
                                                 
                                               </testcase>
                     <system-out><![CDATA[]]></system-out>
                     <system-err><![CDATA[]]></system-err>
                   </testsuite>